Arguments: 
  /usr/local/Cellar/node/12.1.0/bin/node /usr/local/Cellar/yarn/1.16.0/libexec/bin/yarn.js add apollo-client apollo-cache-inmemory apollo-link-http graphql-tag graphql

PATH: 
  /Users/ksd927/.asdf/shims:/Users/ksd927/.asdf/bin:/Users/ksd927/Library/Python/2.7/bin:/Users/ksd927/go/bin:/Users/ksd927/.rbenv/shims:/usr/local/bin:/usr/bin:/bin:/usr/sbin:/sbin:/usr/local/go/bin

Yarn version: 
  1.16.0

Node version: 
  12.1.0

Platform: 
  darwin x64

Trace: 
  SyntaxError: /Users/ksd927/Projects/meadow-react/assets/package.json: Unexpected token } in JSON at position 554
      at JSON.parse (<anonymous>)
      at /usr/local/Cellar/yarn/1.16.0/libexec/lib/cli.js:1625:59
      at Generator.next (<anonymous>)
      at step (/usr/local/Cellar/yarn/1.16.0/libexec/lib/cli.js:304:30)
      at /usr/local/Cellar/yarn/1.16.0/libexec/lib/cli.js:315:13

npm manifest: 
  {
    "repository": {},
    "license": "MIT",
    "scripts": {
      "deploy": "webpack --mode production",
      "watch": "webpack --mode development --watch",
      "ci": "jest --ci --coverage",
      "test": "jest --watch",
      "prettier": "prettier --check js/**/*.js* css/**/*.css ./*.js ./*.json",
      "prettier-fix": "prettier --write js/**/*.js* css/**/*.css ./*.js ./*.json"
    },
    "prettier": "@nulib/prettier-config",
    "dependencies": {
      "phoenix": "file:../deps/phoenix",
      "phoenix_html": "file:../deps/phoenix_html",
      "prop-types": "^15.7.2",
    },
    "devDependencies": {
      "@babel/core": "^7.5.4",
      "@babel/plugin-proposal-class-properties": "^7.5.0",
      "@babel/plugin-proposal-object-rest-spread": "^7.5.4",
      "@babel/plugin-transform-async-to-generator": "^7.5.0",
      "@babel/preset-env": "^7.5.4",
      "@babel/preset-react": "^7.0.0",
      "@nulib/prettier-config": "^1.2.0",
      "@testing-library/jest-dom": "^4.0.0",
      "@testing-library/react": "^8.0.5",
      "axios": "^0.19.0",
      "babel-loader": "^8.0.6",
      "copy-webpack-plugin": "^5.0.3",
      "coveralls": "^3.0.5",
      "css-loader": "^3.0.0",
      "file-loader": "^4.0.0",
      "jest": "^24.8.0",
      "mini-css-extract-plugin": "^0.8.0",
      "optimize-css-assets-webpack-plugin": "^5.0.3",
      "postcss-import": "^12.0.1",
      "postcss-loader": "^3.0.0",
      "prettier": "^1.18.2",
      "react": "^16.8.6",
      "react-dom": "^16.8.6",
      "react-router-dom": "^5.0.1",
      "react-svg-loader": "^3.0.3",
      "react-toastify": "^5.3.2",
      "tailwindcss": "^1.0.5",
      "tailwindcss-spinner": "^1.0.0",
      "terser-webpack-plugin": "^1.3.0",
      "webpack": "4.36.1",
      "webpack-cli": "^3.3.6"
    }
  }

yarn manifest: 
  No manifest

Lockfile: 
  No lockfile
